<?xml version="1.0" encoding="UTF-8"?>
<!-- Generated by org.testng.reporters.JUnitXMLReporter -->
<testsuite ignored="0" hostname="DESKTOP-166QVCJ" failures="0" tests="1" name="Default test" time="106.611" errors="0" timestamp="2021-02-24T19:04:01 IST">
  <testcase classname="testcases.basetest" name="@BeforeClass launchApp" time="105.46">
    <failure type="org.openqa.selenium.WebDriverException" message="chrome not reachable
Build info: version: &amp;apos;3.141.59&amp;apos;, revision: &amp;apos;e82be7d358&amp;apos;, time: &amp;apos;2018-11-14T08:17:03&amp;apos;
System info: host: &amp;apos;DESKTOP-166QVCJ&amp;apos;, ip: &amp;apos;192.168.2.113&amp;apos;, os.name: &amp;apos;Windows 10&amp;apos;, os.arch: &amp;apos;amd64&amp;apos;, os.version: &amp;apos;10.0&amp;apos;, java.version: &amp;apos;15.0.1&amp;apos;
Driver info: driver.version: ChromeDriver
remote stacktrace: Backtrace:
	GetHandleVerifier [0x0065B963+483]
	GetHandleVerifier [0x0065B941+449]
	GetHandleVerifier [0x00A031B0+3832368]
	GetHandleVerifier [0x009F98D3+3793235]
	GetHandleVerifier [0x00A1D17F+3938815]
	GetHandleVerifier [0x00A19AFB+3924859]
	GetHandleVerifier [0x00A17D9C+3917340]
	GetHandleVerifier [0x00A3E7FE+4075646]
	GetHandleVerifier [0x00A3E56C+4074988]
	GetHandleVerifier [0x00A3B2EB+4062059]
	GetHandleVerifier [0x00A1ED14+3945876]
	GetHandleVerifier [0x00A1FBCE+3949646]
	GetHandleVerifier [0x00A1FB59+3949529]
	Ordinal0 [0x0061B5CC+46540]
	Ordinal0 [0x00619F53+40787]
	Ordinal0 [0x00619B12+39698]
	GetHandleVerifier [0x00921468+2907368]
	GetHandleVerifier [0x007671EE+1096302]
	GetHandleVerifier [0x00723E8D+821005]
	GetHandleVerifier [0x0072396B+819691]
	GetHandleVerifier [0x00723881+819457]
	GetHandleVerifier [0x0074F463+998627]
	BaseThreadInitThunk [0x7642FA29+25]
	RtlGetAppContainerNamedObjectPath [0x775976B4+228]
	RtlGetAppContainerNamedObjectPath [0x77597684+180]
">
      <![CDATA[org.openqa.selenium.WebDriverException: chrome not reachable
Build info: version: '3.141.59', revision: 'e82be7d358', time: '2018-11-14T08:17:03'
System info: host: 'DESKTOP-166QVCJ', ip: '192.168.2.113', os.name: 'Windows 10', os.arch: 'amd64', os.version: '10.0', java.version: '15.0.1'
Driver info: driver.version: ChromeDriver
remote stacktrace: Backtrace:
GetHandleVerifier [0x0065B963+483]
GetHandleVerifier [0x0065B941+449]
GetHandleVerifier [0x00A031B0+3832368]
GetHandleVerifier [0x009F98D3+3793235]
GetHandleVerifier [0x00A1D17F+3938815]
GetHandleVerifier [0x00A19AFB+3924859]
GetHandleVerifier [0x00A17D9C+3917340]
GetHandleVerifier [0x00A3E7FE+4075646]
GetHandleVerifier [0x00A3E56C+4074988]
GetHandleVerifier [0x00A3B2EB+4062059]
GetHandleVerifier [0x00A1ED14+3945876]
GetHandleVerifier [0x00A1FBCE+3949646]
GetHandleVerifier [0x00A1FB59+3949529]
Ordinal0 [0x0061B5CC+46540]
Ordinal0 [0x00619F53+40787]
Ordinal0 [0x00619B12+39698]
GetHandleVerifier [0x00921468+2907368]
GetHandleVerifier [0x007671EE+1096302]
GetHandleVerifier [0x00723E8D+821005]
GetHandleVerifier [0x0072396B+819691]
GetHandleVerifier [0x00723881+819457]
GetHandleVerifier [0x0074F463+998627]
BaseThreadInitThunk [0x7642FA29+25]
RtlGetAppContainerNamedObjectPath [0x775976B4+228]
RtlGetAppContainerNamedObjectPath [0x77597684+180]

at java.base/jdk.internal.reflect.NativeConstructorAccessorImpl.newInstance0(Native Method)
at java.base/jdk.internal.reflect.NativeConstructorAccessorImpl.newInstance(NativeConstructorAccessorImpl.java:64)
at java.base/jdk.internal.reflect.DelegatingConstructorAccessorImpl.newInstance(DelegatingConstructorAccessorImpl.java:45)
at java.base/java.lang.reflect.Constructor.newInstanceWithCaller(Constructor.java:500)
at java.base/java.lang.reflect.Constructor.newInstance(Constructor.java:481)
at org.openqa.selenium.remote.W3CHandshakeResponse.lambda$errorHandler$0(W3CHandshakeResponse.java:62)
at org.openqa.selenium.remote.HandshakeResponse.lambda$getResponseFunction$0(HandshakeResponse.java:30)
at org.openqa.selenium.remote.ProtocolHandshake.lambda$createSession$0(ProtocolHandshake.java:126)
at java.base/java.util.stream.ReferencePipeline$3$1.accept(ReferencePipeline.java:195)
at java.base/java.util.Spliterators$ArraySpliterator.tryAdvance(Spliterators.java:958)
at java.base/java.util.stream.ReferencePipeline.forEachWithCancel(ReferencePipeline.java:127)
at java.base/java.util.stream.AbstractPipeline.copyIntoWithCancel(AbstractPipeline.java:502)
at java.base/java.util.stream.AbstractPipeline.copyInto(AbstractPipeline.java:488)
at java.base/java.util.stream.AbstractPipeline.wrapAndCopyInto(AbstractPipeline.java:474)
at java.base/java.util.stream.FindOps$FindOp.evaluateSequential(FindOps.java:150)
at java.base/java.util.stream.AbstractPipeline.evaluate(AbstractPipeline.java:234)
at java.base/java.util.stream.ReferencePipeline.findFirst(ReferencePipeline.java:543)
at org.openqa.selenium.remote.ProtocolHandshake.createSession(ProtocolHandshake.java:128)
at org.openqa.selenium.remote.ProtocolHandshake.createSession(ProtocolHandshake.java:74)
at org.openqa.selenium.remote.HttpCommandExecutor.execute(HttpCommandExecutor.java:136)
at org.openqa.selenium.remote.service.DriverCommandExecutor.execute(DriverCommandExecutor.java:83)
at org.openqa.selenium.remote.RemoteWebDriver.execute(RemoteWebDriver.java:552)
at org.openqa.selenium.remote.RemoteWebDriver.startSession(RemoteWebDriver.java:213)
at org.openqa.selenium.remote.RemoteWebDriver.<init>(RemoteWebDriver.java:131)
at org.openqa.selenium.chrome.ChromeDriver.<init>(ChromeDriver.java:181)
at org.openqa.selenium.chrome.ChromeDriver.<init>(ChromeDriver.java:168)
at org.openqa.selenium.chrome.ChromeDriver.<init>(ChromeDriver.java:123)
at testcases.basetest.launchApp(basetest.java:32)
at java.base/jdk.internal.reflect.NativeMethodAccessorImpl.invoke0(Native Method)
at java.base/jdk.internal.reflect.NativeMethodAccessorImpl.invoke(NativeMethodAccessorImpl.java:64)
at java.base/jdk.internal.reflect.DelegatingMethodAccessorImpl.invoke(DelegatingMethodAccessorImpl.java:43)
at java.base/java.lang.reflect.Method.invoke(Method.java:564)
at org.testng.internal.MethodInvocationHelper.invokeMethod(MethodInvocationHelper.java:132)
at org.testng.internal.MethodInvocationHelper.invokeMethodConsideringTimeout(MethodInvocationHelper.java:61)
at org.testng.internal.ConfigInvoker.invokeConfigurationMethod(ConfigInvoker.java:366)
at org.testng.internal.ConfigInvoker.invokeConfigurations(ConfigInvoker.java:320)
at org.testng.internal.TestMethodWorker.invokeBeforeClassMethods(TestMethodWorker.java:176)
at org.testng.internal.TestMethodWorker.run(TestMethodWorker.java:122)
at java.base/java.util.ArrayList.forEach(ArrayList.java:1511)
at org.testng.TestRunner.privateRun(TestRunner.java:764)
at org.testng.TestRunner.run(TestRunner.java:585)
at org.testng.SuiteRunner.runTest(SuiteRunner.java:384)
at org.testng.SuiteRunner.runSequentially(SuiteRunner.java:378)
at org.testng.SuiteRunner.privateRun(SuiteRunner.java:337)
at org.testng.SuiteRunner.run(SuiteRunner.java:286)
at org.testng.SuiteRunnerWorker.runSuite(SuiteRunnerWorker.java:53)
at org.testng.SuiteRunnerWorker.run(SuiteRunnerWorker.java:96)
at org.testng.TestNG.runSuitesSequentially(TestNG.java:1218)
at org.testng.TestNG.runSuitesLocally(TestNG.java:1140)
at org.testng.TestNG.runSuites(TestNG.java:1069)
at org.testng.TestNG.run(TestNG.java:1037)
at org.testng.remote.AbstractRemoteTestNG.run(AbstractRemoteTestNG.java:115)
at org.testng.remote.RemoteTestNG.initAndRun(RemoteTestNG.java:251)
at org.testng.remote.RemoteTestNG.main(RemoteTestNG.java:77)
]]>
    </failure>
  </testcase> <!-- @BeforeClass launchApp -->
  <testcase classname="testcases.basetest" name="@BeforeMethod loginToApp" time="-1.614173641548E9">
    <skipped/>
  </testcase> <!-- @BeforeMethod loginToApp -->
  <testcase classname="testcases.basetest" name="@AfterMethod logoutFromApp" time="-1.614173641568E9">
    <skipped/>
  </testcase> <!-- @AfterMethod logoutFromApp -->
  <testcase classname="testcases.TC001" name="copyTaskToProject" time="0.0">
    <skipped/>
  </testcase> <!-- copyTaskToProject -->
</testsuite> <!-- Default test -->
